2024-11-18 01:30:45,142 - INFO - 対応するホロタンパク質の数 : 3
2024-11-18 01:30:45,142 - INFO - =======
2024-11-18 01:30:45,190 - INFO - =======
2024-11-18 01:30:45,244 - INFO - =======
2024-11-18 01:32:10,558 - INFO - 対応するホロタンパク質の数 : 3
2024-11-18 01:32:10,558 - INFO - =======
2024-11-18 01:32:10,558 - INFO - 4f5y_A
2024-11-18 01:32:10,606 - INFO - =======
2024-11-18 01:32:10,606 - INFO - 4loi_B
2024-11-18 01:32:10,659 - INFO - =======
2024-11-18 01:32:10,659 - INFO - 4loh_A
2024-11-18 01:34:39,125 - INFO - 対応するホロタンパク質の数 : 3
2024-11-18 01:34:39,126 - INFO - =======
2024-11-18 01:34:39,126 - INFO - 4f5y_A
2024-11-18 01:34:39,166 - INFO - holo_pocket_atom_count : 310
2024-11-18 01:34:39,169 - INFO - rmsd_pocket: 1.997517704963684
2024-11-18 01:34:39,170 - INFO - rmsd_pocket_sub: 2.281477451324463
2024-11-18 01:34:39,170 - INFO - rmsd_all_structure_in_chain: 4.743220806121826
2024-11-18 01:34:39,170 - INFO - =======
2024-11-18 01:34:39,170 - INFO - 4loi_B
2024-11-18 01:34:39,215 - INFO - holo_pocket_atom_count : 354
2024-11-18 01:34:39,219 - INFO - rmsd_pocket: 7.964709758758545
2024-11-18 01:34:39,219 - INFO - rmsd_pocket_sub: 1.7034069299697876
2024-11-18 01:34:39,219 - INFO - rmsd_all_structure_in_chain: 7.949708938598633
2024-11-18 01:34:39,219 - INFO - =======
2024-11-18 01:34:39,219 - INFO - 4loh_A
2024-11-18 01:34:39,272 - INFO - holo_pocket_atom_count : 360
2024-11-18 01:34:39,276 - INFO - rmsd_pocket: 8.055691719055176
2024-11-18 01:34:39,276 - INFO - rmsd_pocket_sub: 1.6157468557357788
2024-11-18 01:34:39,276 - INFO - rmsd_all_structure_in_chain: 5.231732368469238
