2024-11-18 02:00:26,071 - INFO - 代表アポタンパク質；2OUV_A
2024-11-18 02:00:26,071 - INFO - 対応するホロタンパク質の数 : 69
2024-11-18 02:00:26,071 - INFO - =======
2024-11-18 02:00:26,071 - INFO - 5c28_A
2024-11-18 02:00:26,119 - INFO - holo_pocket_atom_count : 322
2024-11-18 02:00:26,124 - INFO - rmsd_pocket: 0.3390668034553528
2024-11-18 02:00:26,124 - INFO - rmsd_pocket_sub: inf
2024-11-18 02:00:26,124 - INFO - rmsd_all_structure_in_chain: 2.048247814178467
2024-11-18 02:00:26,124 - INFO - =======
2024-11-18 02:00:26,124 - INFO - 5c2h_B
2024-11-18 02:00:26,176 - INFO - holo_pocket_atom_count : 560
2024-11-18 02:00:26,185 - INFO - rmsd_pocket: 1.321926474571228
2024-11-18 02:00:26,185 - INFO - rmsd_pocket_sub: 7.879701614379883
2024-11-18 02:00:26,185 - INFO - rmsd_all_structure_in_chain: 2.606490135192871
2024-11-18 02:00:26,186 - INFO - =======
2024-11-18 02:00:26,186 - INFO - 5c2a_A
2024-11-18 02:00:26,233 - INFO - holo_pocket_atom_count : 445
2024-11-18 02:00:26,240 - INFO - rmsd_pocket: 1.4250519275665283
2024-11-18 02:00:26,240 - INFO - rmsd_pocket_sub: inf
2024-11-18 02:00:26,240 - INFO - rmsd_all_structure_in_chain: 5.04518985748291
2024-11-18 02:00:26,240 - INFO - =======
2024-11-18 02:00:26,240 - INFO - 5dh5_A
2024-11-18 02:00:26,297 - INFO - holo_pocket_atom_count : 512
2024-11-18 02:00:26,305 - INFO - rmsd_pocket: 1.5233712196350098
2024-11-18 02:00:26,305 - INFO - rmsd_pocket_sub: 7.562897682189941
2024-11-18 02:00:26,305 - INFO - rmsd_all_structure_in_chain: 2.5554347038269043
2024-11-18 02:00:26,306 - INFO - =======
2024-11-18 02:00:26,306 - INFO - 5dh4_A
2024-11-18 02:00:26,359 - INFO - holo_pocket_atom_count : 437
2024-11-18 02:00:26,366 - INFO - rmsd_pocket: 3.4452168941497803
2024-11-18 02:00:26,366 - INFO - rmsd_pocket_sub: inf
2024-11-18 02:00:26,366 - INFO - rmsd_all_structure_in_chain: 4.845139980316162
2024-11-18 02:00:26,367 - INFO - =======
2024-11-18 02:00:26,367 - INFO - 4lm4_A
2024-11-18 02:00:26,406 - INFO - holo_pocket_atom_count : 288
2024-11-18 02:00:26,412 - INFO - rmsd_pocket: 0.35309258103370667
2024-11-18 02:00:26,412 - INFO - rmsd_pocket_sub: 0.2333897054195404
2024-11-18 02:00:26,412 - INFO - rmsd_all_structure_in_chain: 3.5146570205688477
2024-11-18 02:00:26,412 - INFO - =======
2024-11-18 02:00:26,412 - INFO - 4lm3_A
2024-11-18 02:00:26,456 - INFO - holo_pocket_atom_count : 338
2024-11-18 02:00:26,462 - INFO - rmsd_pocket: 0.7472022771835327
2024-11-18 02:00:26,462 - INFO - rmsd_pocket_sub: 0.5211085081100464
2024-11-18 02:00:26,462 - INFO - rmsd_all_structure_in_chain: 0.7472022771835327
2024-11-18 02:00:26,463 - INFO - =======
2024-11-18 02:00:26,463 - INFO - 4mrz_A
2024-11-18 02:00:26,500 - INFO - holo_pocket_atom_count : 272
2024-11-18 02:00:26,505 - INFO - rmsd_pocket: inf
2024-11-18 02:00:26,505 - INFO - rmsd_pocket_sub: 0.2998357117176056
2024-11-18 02:00:26,505 - INFO - rmsd_all_structure_in_chain: inf
2024-11-18 02:00:26,505 - INFO - =======
2024-11-18 02:00:26,505 - INFO - 4lm2_A
2024-11-18 02:00:26,548 - INFO - holo_pocket_atom_count : 302
2024-11-18 02:00:26,554 - INFO - rmsd_pocket: 0.33220621943473816
2024-11-18 02:00:26,554 - INFO - rmsd_pocket_sub: 0.2296907901763916
2024-11-18 02:00:26,554 - INFO - rmsd_all_structure_in_chain: 7.262571811676025
2024-11-18 02:00:26,554 - INFO - =======
2024-11-18 02:00:26,554 - INFO - 4msc_A
2024-11-18 02:00:26,616 - INFO - holo_pocket_atom_count : 389
2024-11-18 02:00:26,623 - INFO - rmsd_pocket: 0.4583285450935364
2024-11-18 02:00:26,623 - INFO - rmsd_pocket_sub: 0.4215162992477417
2024-11-18 02:00:26,623 - INFO - rmsd_all_structure_in_chain: 4.42655611038208
2024-11-18 02:00:26,623 - INFO - =======
2024-11-18 02:00:26,623 - INFO - 3uuo_A
2024-11-18 02:00:26,682 - INFO - holo_pocket_atom_count : 387
2024-11-18 02:00:26,689 - INFO - rmsd_pocket: 1.5223675966262817
2024-11-18 02:00:26,689 - INFO - rmsd_pocket_sub: 0.569570004940033
2024-11-18 02:00:26,689 - INFO - rmsd_all_structure_in_chain: 2.520796537399292
2024-11-18 02:00:26,690 - INFO - =======
2024-11-18 02:00:26,690 - INFO - 5c1w_A
2024-11-18 02:00:26,746 - INFO - holo_pocket_atom_count : 322
2024-11-18 02:00:26,752 - INFO - rmsd_pocket: 0.34795811772346497
2024-11-18 02:00:26,752 - INFO - rmsd_pocket_sub: inf
2024-11-18 02:00:26,753 - INFO - rmsd_all_structure_in_chain: 2.056973695755005
2024-11-18 02:00:26,753 - INFO - =======
2024-11-18 02:00:26,753 - INFO - 4mrw_A
2024-11-18 02:00:26,802 - INFO - holo_pocket_atom_count : 307
2024-11-18 02:00:26,808 - INFO - rmsd_pocket: 0.3329845368862152
2024-11-18 02:00:26,808 - INFO - rmsd_pocket_sub: 0.3651942014694214
2024-11-18 02:00:26,808 - INFO - rmsd_all_structure_in_chain: 7.52691125869751
2024-11-18 02:00:26,809 - INFO - =======
2024-11-18 02:00:26,809 - INFO - 4lm0_A
2024-11-18 02:00:26,852 - INFO - holo_pocket_atom_count : 326
2024-11-18 02:00:26,858 - INFO - rmsd_pocket: inf
2024-11-18 02:00:26,858 - INFO - rmsd_pocket_sub: 0.22983814775943756
2024-11-18 02:00:26,858 - INFO - rmsd_all_structure_in_chain: inf
2024-11-18 02:00:26,859 - INFO - =======
2024-11-18 02:00:26,859 - INFO - 4lkq_A
2024-11-18 02:00:26,923 - INFO - holo_pocket_atom_count : 276
2024-11-18 02:00:26,929 - INFO - rmsd_pocket: 0.3669823408126831
2024-11-18 02:00:26,929 - INFO - rmsd_pocket_sub: 0.32965365052223206
2024-11-18 02:00:26,929 - INFO - rmsd_all_structure_in_chain: 3.0902280807495117
2024-11-18 02:00:26,930 - INFO - =======
2024-11-18 02:00:26,930 - INFO - 4lm1_A
2024-11-18 02:00:26,990 - INFO - holo_pocket_atom_count : 276
2024-11-18 02:00:26,996 - INFO - rmsd_pocket: 1.5412485599517822
2024-11-18 02:00:26,996 - INFO - rmsd_pocket_sub: 0.2660810947418213
2024-11-18 02:00:26,996 - INFO - rmsd_all_structure_in_chain: 3.3302056789398193
2024-11-18 02:00:26,997 - INFO - =======
2024-11-18 02:00:26,997 - INFO - 3ui7_A
2024-11-18 02:00:27,068 - INFO - holo_pocket_atom_count : 457
2024-11-18 02:00:27,077 - INFO - rmsd_pocket: 0.5747806429862976
2024-11-18 02:00:27,077 - INFO - rmsd_pocket_sub: 0.6968204975128174
2024-11-18 02:00:27,077 - INFO - rmsd_all_structure_in_chain: 2.960378885269165
2024-11-18 02:00:27,078 - INFO - =======
2024-11-18 02:00:27,078 - INFO - 4msn_A
2024-11-18 02:00:27,122 - INFO - holo_pocket_atom_count : 249
2024-11-18 02:00:27,129 - INFO - rmsd_pocket: inf
2024-11-18 02:00:27,129 - INFO - rmsd_pocket_sub: 0.3117096424102783
2024-11-18 02:00:27,129 - INFO - rmsd_all_structure_in_chain: 3.7963390350341797
2024-11-18 02:00:27,129 - INFO - =======
2024-11-18 02:00:27,129 - INFO - 4llp_A
2024-11-18 02:00:27,171 - INFO - holo_pocket_atom_count : 227
2024-11-18 02:00:27,176 - INFO - rmsd_pocket: inf
2024-11-18 02:00:27,176 - INFO - rmsd_pocket_sub: 0.26276063919067383
2024-11-18 02:00:27,176 - INFO - rmsd_all_structure_in_chain: inf
2024-11-18 02:00:27,177 - INFO - =======
2024-11-18 02:00:27,177 - INFO - 4hf4_A
2024-11-18 02:00:27,270 - INFO - holo_pocket_atom_count : 548
2024-11-18 02:00:27,281 - INFO - rmsd_pocket: 2.38790225982666
2024-11-18 02:00:27,281 - INFO - rmsd_pocket_sub: inf
2024-11-18 02:00:27,281 - INFO - rmsd_all_structure_in_chain: 2.232774019241333
2024-11-18 02:00:27,282 - INFO - =======
2024-11-18 02:00:27,282 - INFO - 4llk_A
2024-11-18 02:00:27,334 - INFO - holo_pocket_atom_count : 272
2024-11-18 02:00:27,340 - INFO - rmsd_pocket: inf
2024-11-18 02:00:27,340 - INFO - rmsd_pocket_sub: 0.2522892951965332
2024-11-18 02:00:27,340 - INFO - rmsd_all_structure_in_chain: 7.036189079284668
2024-11-18 02:00:27,341 - INFO - =======
2024-11-18 02:00:27,341 - INFO - 4llx_A
2024-11-18 02:00:27,385 - INFO - holo_pocket_atom_count : 232
2024-11-18 02:00:27,391 - INFO - rmsd_pocket: inf
2024-11-18 02:00:27,391 - INFO - rmsd_pocket_sub: 0.24914473295211792
2024-11-18 02:00:27,391 - INFO - rmsd_all_structure_in_chain: inf
2024-11-18 02:00:27,392 - INFO - =======
2024-11-18 02:00:27,392 - INFO - 4msa_A
2024-11-18 02:00:27,449 - INFO - holo_pocket_atom_count : 306
2024-11-18 02:00:27,457 - INFO - rmsd_pocket: 0.32314786314964294
2024-11-18 02:00:27,457 - INFO - rmsd_pocket_sub: 0.23405319452285767
2024-11-18 02:00:27,457 - INFO - rmsd_all_structure_in_chain: 7.498571395874023
2024-11-18 02:00:27,458 - INFO - =======
2024-11-18 02:00:27,458 - INFO - 4llj_A
2024-11-18 02:00:27,505 - INFO - holo_pocket_atom_count : 249
2024-11-18 02:00:27,512 - INFO - rmsd_pocket: inf
2024-11-18 02:00:27,512 - INFO - rmsd_pocket_sub: 0.3314475119113922
2024-11-18 02:00:27,512 - INFO - rmsd_all_structure_in_chain: 3.809865713119507
2024-11-18 02:00:27,513 - INFO - =======
2024-11-18 02:00:27,513 - INFO - 4zo5_B
2024-11-18 02:00:27,659 - INFO - holo_pocket_atom_count : 489
2024-11-18 02:00:27,669 - INFO - rmsd_pocket: 1.215947151184082
2024-11-18 02:00:27,669 - INFO - rmsd_pocket_sub: inf
2024-11-18 02:00:27,669 - INFO - rmsd_all_structure_in_chain: 3.347541570663452
2024-11-18 02:00:27,671 - INFO - =======
2024-11-18 02:00:27,671 - INFO - 3wyk_A
2024-11-18 02:00:27,757 - INFO - holo_pocket_atom_count : 419
2024-11-18 02:00:27,768 - INFO - rmsd_pocket: 0.4578632116317749
2024-11-18 02:00:27,768 - INFO - rmsd_pocket_sub: inf
2024-11-18 02:00:27,768 - INFO - rmsd_all_structure_in_chain: 4.054833889007568
2024-11-18 02:00:27,769 - INFO - =======
2024-11-18 02:00:27,769 - INFO - 3wyl_A
2024-11-18 02:00:27,860 - INFO - holo_pocket_atom_count : 465
2024-11-18 02:00:27,871 - INFO - rmsd_pocket: 1.5389372110366821
2024-11-18 02:00:27,871 - INFO - rmsd_pocket_sub: inf
2024-11-18 02:00:27,871 - INFO - rmsd_all_structure_in_chain: 9.630499839782715
2024-11-18 02:00:27,872 - INFO - =======
2024-11-18 02:00:27,872 - INFO - 6msa_A
2024-11-18 02:00:27,958 - INFO - holo_pocket_atom_count : 381
2024-11-18 02:00:27,967 - INFO - rmsd_pocket: 3.726905345916748
2024-11-18 02:00:27,967 - INFO - rmsd_pocket_sub: 0.42629125714302063
2024-11-18 02:00:27,967 - INFO - rmsd_all_structure_in_chain: 8.901305198669434
2024-11-18 02:00:27,968 - INFO - =======
2024-11-18 02:00:27,968 - INFO - 5axp_A
2024-11-18 02:00:28,082 - INFO - holo_pocket_atom_count : 482
2024-11-18 02:00:28,094 - INFO - rmsd_pocket: 7.971552848815918
2024-11-18 02:00:28,094 - INFO - rmsd_pocket_sub: inf
2024-11-18 02:00:28,094 - INFO - rmsd_all_structure_in_chain: 3.3201539516448975
2024-11-18 02:00:28,095 - INFO - =======
2024-11-18 02:00:28,095 - INFO - 5i2r_A
2024-11-18 02:00:28,190 - INFO - holo_pocket_atom_count : 432
2024-11-18 02:00:28,200 - INFO - rmsd_pocket: 0.6424039006233215
2024-11-18 02:00:28,200 - INFO - rmsd_pocket_sub: 0.718593180179596
2024-11-18 02:00:28,200 - INFO - rmsd_all_structure_in_chain: 3.1364598274230957
2024-11-18 02:00:28,201 - INFO - =======
2024-11-18 02:00:28,201 - INFO - 3wym_A
2024-11-18 02:00:28,326 - INFO - holo_pocket_atom_count : 508
2024-11-18 02:00:28,338 - INFO - rmsd_pocket: 7.950680732727051
2024-11-18 02:00:28,338 - INFO - rmsd_pocket_sub: inf
2024-11-18 02:00:28,338 - INFO - rmsd_all_structure_in_chain: 2.4890456199645996
2024-11-18 02:00:28,339 - INFO - =======
2024-11-18 02:00:28,339 - INFO - 5c29_A
2024-11-18 02:00:28,432 - INFO - holo_pocket_atom_count : 386
2024-11-18 02:00:28,442 - INFO - rmsd_pocket: 0.32054638862609863
2024-11-18 02:00:28,442 - INFO - rmsd_pocket_sub: inf
2024-11-18 02:00:28,442 - INFO - rmsd_all_structure_in_chain: 8.522723197937012
2024-11-18 02:00:28,443 - INFO - =======
2024-11-18 02:00:28,443 - INFO - 5axq_A
2024-11-18 02:00:28,546 - INFO - holo_pocket_atom_count : 503
2024-11-18 02:00:28,558 - INFO - rmsd_pocket: 0.6750733852386475
2024-11-18 02:00:28,558 - INFO - rmsd_pocket_sub: inf
2024-11-18 02:00:28,558 - INFO - rmsd_all_structure_in_chain: 2.1848204135894775
2024-11-18 02:00:28,559 - INFO - =======
2024-11-18 02:00:28,559 - INFO - 6kdz_A
2024-11-18 02:00:28,671 - INFO - holo_pocket_atom_count : 404
2024-11-18 02:00:28,682 - INFO - rmsd_pocket: 0.687811553478241
2024-11-18 02:00:28,682 - INFO - rmsd_pocket_sub: 0.6578880548477173
2024-11-18 02:00:28,682 - INFO - rmsd_all_structure_in_chain: 1.5996190309524536
2024-11-18 02:00:28,683 - INFO - =======
2024-11-18 02:00:28,683 - INFO - 4p0n_A
2024-11-18 02:00:28,801 - INFO - holo_pocket_atom_count : 424
2024-11-18 02:00:28,812 - INFO - rmsd_pocket: 0.7413390278816223
2024-11-18 02:00:28,812 - INFO - rmsd_pocket_sub: inf
2024-11-18 02:00:28,812 - INFO - rmsd_all_structure_in_chain: 1.5668854713439941
2024-11-18 02:00:28,813 - INFO - =======
2024-11-18 02:00:28,813 - INFO - 2y0j_A
2024-11-18 02:00:28,925 - INFO - holo_pocket_atom_count : 422
2024-11-18 02:00:28,936 - INFO - rmsd_pocket: 0.6528842449188232
2024-11-18 02:00:28,936 - INFO - rmsd_pocket_sub: inf
2024-11-18 02:00:28,936 - INFO - rmsd_all_structure_in_chain: 1.1483829021453857
2024-11-18 02:00:28,937 - INFO - =======
2024-11-18 02:00:28,937 - INFO - 5znl_A
2024-11-18 02:00:29,063 - INFO - holo_pocket_atom_count : 531
2024-11-18 02:00:29,076 - INFO - rmsd_pocket: 1.6115096807479858
2024-11-18 02:00:29,076 - INFO - rmsd_pocket_sub: 0.6378321647644043
2024-11-18 02:00:29,076 - INFO - rmsd_all_structure_in_chain: 1.6152499914169312
2024-11-18 02:00:29,077 - INFO - =======
2024-11-18 02:00:29,077 - INFO - 3sn7_A
2024-11-18 02:00:29,198 - INFO - holo_pocket_atom_count : 509
2024-11-18 02:00:29,212 - INFO - rmsd_pocket: 0.3555532395839691
2024-11-18 02:00:29,212 - INFO - rmsd_pocket_sub: inf
2024-11-18 02:00:29,212 - INFO - rmsd_all_structure_in_chain: 2.270481824874878
2024-11-18 02:00:29,213 - INFO - =======
2024-11-18 02:00:29,213 - INFO - 3sni_A
2024-11-18 02:00:29,335 - INFO - holo_pocket_atom_count : 514
2024-11-18 02:00:29,348 - INFO - rmsd_pocket: 0.4049169719219208
2024-11-18 02:00:29,349 - INFO - rmsd_pocket_sub: inf
2024-11-18 02:00:29,349 - INFO - rmsd_all_structure_in_chain: 3.571303606033325
2024-11-18 02:00:29,350 - INFO - =======
2024-11-18 02:00:29,350 - INFO - 4fcb_A
2024-11-18 02:00:29,499 - INFO - holo_pocket_atom_count : 575
2024-11-18 02:00:29,514 - INFO - rmsd_pocket: 0.4111487865447998
2024-11-18 02:00:29,514 - INFO - rmsd_pocket_sub: inf
2024-11-18 02:00:29,514 - INFO - rmsd_all_structure_in_chain: 2.700688600540161
2024-11-18 02:00:29,515 - INFO - =======
2024-11-18 02:00:29,515 - INFO - 4fcd_A
2024-11-18 02:00:29,641 - INFO - holo_pocket_atom_count : 502
2024-11-18 02:00:29,655 - INFO - rmsd_pocket: 0.39775124192237854
2024-11-18 02:00:29,655 - INFO - rmsd_pocket_sub: inf
2024-11-18 02:00:29,655 - INFO - rmsd_all_structure_in_chain: 2.378002166748047
2024-11-18 02:00:29,657 - INFO - =======
2024-11-18 02:00:29,657 - INFO - 4mvh_A
2024-11-18 02:00:29,802 - INFO - holo_pocket_atom_count : 486
2024-11-18 02:00:29,815 - INFO - rmsd_pocket: 0.8143497109413147
2024-11-18 02:00:29,815 - INFO - rmsd_pocket_sub: inf
2024-11-18 02:00:29,815 - INFO - rmsd_all_structure_in_chain: 1.142854928970337
2024-11-18 02:00:29,817 - INFO - =======
2024-11-18 02:00:29,817 - INFO - 4heu_A
2024-11-18 02:00:29,986 - INFO - holo_pocket_atom_count : 528
2024-11-18 02:00:30,001 - INFO - rmsd_pocket: 0.7716211676597595
2024-11-18 02:00:30,001 - INFO - rmsd_pocket_sub: 10.970948219299316
2024-11-18 02:00:30,001 - INFO - rmsd_all_structure_in_chain: 1.8602036237716675
2024-11-18 02:00:30,003 - INFO - =======
2024-11-18 02:00:30,003 - INFO - 4mse_A
2024-11-18 02:00:30,139 - INFO - holo_pocket_atom_count : 368
2024-11-18 02:00:30,152 - INFO - rmsd_pocket: 1.0325905084609985
2024-11-18 02:00:30,152 - INFO - rmsd_pocket_sub: 0.47588208317756653
2024-11-18 02:00:30,152 - INFO - rmsd_all_structure_in_chain: 1.271324872970581
2024-11-18 02:00:30,153 - INFO - =======
2024-11-18 02:00:30,153 - INFO - 4ys7_A
2024-11-18 02:00:30,301 - INFO - holo_pocket_atom_count : 427
2024-11-18 02:00:30,315 - INFO - rmsd_pocket: 0.5712940692901611
2024-11-18 02:00:30,315 - INFO - rmsd_pocket_sub: 0.5740060210227966
2024-11-18 02:00:30,315 - INFO - rmsd_all_structure_in_chain: 1.011898398399353
2024-11-18 02:00:30,316 - INFO - =======
2024-11-18 02:00:30,316 - INFO - 2wey_A
2024-11-18 02:00:30,461 - INFO - holo_pocket_atom_count : 527
2024-11-18 02:00:30,477 - INFO - rmsd_pocket: 1.3197259902954102
2024-11-18 02:00:30,477 - INFO - rmsd_pocket_sub: 0.40736061334609985
2024-11-18 02:00:30,477 - INFO - rmsd_all_structure_in_chain: 2.170152187347412
2024-11-18 02:00:30,478 - INFO - =======
2024-11-18 02:00:30,478 - INFO - 4phw_A
2024-11-18 02:00:30,639 - INFO - holo_pocket_atom_count : 474
2024-11-18 02:00:30,654 - INFO - rmsd_pocket: 0.7851300835609436
2024-11-18 02:00:30,654 - INFO - rmsd_pocket_sub: inf
2024-11-18 02:00:30,654 - INFO - rmsd_all_structure_in_chain: 7.064840316772461
2024-11-18 02:00:30,656 - INFO - =======
2024-11-18 02:00:30,656 - INFO - 4ael_A
2024-11-18 02:00:30,813 - INFO - holo_pocket_atom_count : 430
2024-11-18 02:00:30,827 - INFO - rmsd_pocket: 0.7083308696746826
2024-11-18 02:00:30,827 - INFO - rmsd_pocket_sub: 0.7415388822555542
2024-11-18 02:00:30,827 - INFO - rmsd_all_structure_in_chain: 1.108557939529419
2024-11-18 02:00:30,828 - INFO - =======
2024-11-18 02:00:30,828 - INFO - 5c2e_B
2024-11-18 02:00:30,983 - INFO - holo_pocket_atom_count : 495
2024-11-18 02:00:30,999 - INFO - rmsd_pocket: 1.4697877168655396
2024-11-18 02:00:30,999 - INFO - rmsd_pocket_sub: inf
2024-11-18 02:00:30,999 - INFO - rmsd_all_structure_in_chain: 2.4484636783599854
2024-11-18 02:00:31,000 - INFO - =======
2024-11-18 02:00:31,000 - INFO - 4yqh_A
2024-11-18 02:00:31,199 - INFO - holo_pocket_atom_count : 428
2024-11-18 02:00:31,214 - INFO - rmsd_pocket: 0.4876547157764435
2024-11-18 02:00:31,214 - INFO - rmsd_pocket_sub: 0.500983715057373
2024-11-18 02:00:31,214 - INFO - rmsd_all_structure_in_chain: 1.568971037864685
2024-11-18 02:00:31,216 - INFO - =======
2024-11-18 02:00:31,216 - INFO - 3ws8_A
2024-11-18 02:00:31,378 - INFO - holo_pocket_atom_count : 401
2024-11-18 02:00:31,393 - INFO - rmsd_pocket: 1.2962912321090698
2024-11-18 02:00:31,393 - INFO - rmsd_pocket_sub: 0.8292275667190552
2024-11-18 02:00:31,393 - INFO - rmsd_all_structure_in_chain: 1.2341842651367188
2024-11-18 02:00:31,394 - INFO - =======
2024-11-18 02:00:31,394 - INFO - 6msc_A
2024-11-18 02:00:31,540 - INFO - holo_pocket_atom_count : 440
2024-11-18 02:00:31,556 - INFO - rmsd_pocket: 0.6080641150474548
2024-11-18 02:00:31,556 - INFO - rmsd_pocket_sub: 0.6536128520965576
2024-11-18 02:00:31,556 - INFO - rmsd_all_structure_in_chain: 9.470873832702637
2024-11-18 02:00:31,557 - INFO - =======
2024-11-18 02:00:31,557 - INFO - 3ws9_A
2024-11-18 02:00:31,727 - INFO - holo_pocket_atom_count : 412
2024-11-18 02:00:31,743 - INFO - rmsd_pocket: 1.246740460395813
2024-11-18 02:00:31,743 - INFO - rmsd_pocket_sub: 0.8216437101364136
2024-11-18 02:00:31,743 - INFO - rmsd_all_structure_in_chain: 1.211445689201355
2024-11-18 02:00:31,744 - INFO - =======
2024-11-18 02:00:31,744 - INFO - 4ddl_A
2024-11-18 02:00:31,907 - INFO - holo_pocket_atom_count : 479
2024-11-18 02:00:31,924 - INFO - rmsd_pocket: 1.5298736095428467
2024-11-18 02:00:31,924 - INFO - rmsd_pocket_sub: inf
2024-11-18 02:00:31,924 - INFO - rmsd_all_structure_in_chain: 2.315014123916626
2024-11-18 02:00:31,925 - INFO - =======
2024-11-18 02:00:31,925 - INFO - 4tpp_A
2024-11-18 02:00:32,106 - INFO - holo_pocket_atom_count : 504
2024-11-18 02:00:32,123 - INFO - rmsd_pocket: 1.5124207735061646
2024-11-18 02:00:32,123 - INFO - rmsd_pocket_sub: inf
2024-11-18 02:00:32,123 - INFO - rmsd_all_structure_in_chain: 1.5702691078186035
2024-11-18 02:00:32,125 - INFO - =======
2024-11-18 02:00:32,125 - INFO - 4tpm_A
2024-11-18 02:00:32,319 - INFO - holo_pocket_atom_count : 480
2024-11-18 02:00:32,337 - INFO - rmsd_pocket: 1.133641242980957
2024-11-18 02:00:32,337 - INFO - rmsd_pocket_sub: 8.372411727905273
2024-11-18 02:00:32,337 - INFO - rmsd_all_structure_in_chain: 2.1897177696228027
2024-11-18 02:00:32,339 - INFO - =======
2024-11-18 02:00:32,339 - INFO - 6kdx_A
2024-11-18 02:00:32,513 - INFO - holo_pocket_atom_count : 390
2024-11-18 02:00:32,530 - INFO - rmsd_pocket: 1.0831671953201294
2024-11-18 02:00:32,530 - INFO - rmsd_pocket_sub: 0.6290412545204163
2024-11-18 02:00:32,530 - INFO - rmsd_all_structure_in_chain: 1.76505446434021
2024-11-18 02:00:32,532 - INFO - =======
2024-11-18 02:00:32,532 - INFO - 5uwf_C
2024-11-18 02:00:32,726 - INFO - holo_pocket_atom_count : 522
2024-11-18 02:00:32,745 - INFO - rmsd_pocket: 1.8124167919158936
2024-11-18 02:00:32,745 - INFO - rmsd_pocket_sub: 0.7621959447860718
2024-11-18 02:00:32,745 - INFO - rmsd_all_structure_in_chain: 3.0786802768707275
2024-11-18 02:00:32,746 - INFO - =======
2024-11-18 02:00:32,746 - INFO - 5edi_A
2024-11-18 02:00:32,947 - INFO - holo_pocket_atom_count : 449
2024-11-18 02:00:32,964 - INFO - rmsd_pocket: 0.7751620411872864
2024-11-18 02:00:32,965 - INFO - rmsd_pocket_sub: 0.7911713123321533
2024-11-18 02:00:32,965 - INFO - rmsd_all_structure_in_chain: 1.8347378969192505
2024-11-18 02:00:32,967 - INFO - =======
2024-11-18 02:00:32,967 - INFO - 4muw_A
2024-11-18 02:00:33,166 - INFO - holo_pocket_atom_count : 501
2024-11-18 02:00:33,185 - INFO - rmsd_pocket: 0.8144118189811707
2024-11-18 02:00:33,185 - INFO - rmsd_pocket_sub: inf
2024-11-18 02:00:33,185 - INFO - rmsd_all_structure_in_chain: 7.524484157562256
2024-11-18 02:00:33,187 - INFO - =======
2024-11-18 02:00:33,187 - INFO - 6ke0_A
2024-11-18 02:00:33,377 - INFO - holo_pocket_atom_count : 406
2024-11-18 02:00:33,394 - INFO - rmsd_pocket: 0.6371868252754211
2024-11-18 02:00:33,394 - INFO - rmsd_pocket_sub: 0.6302850842475891
2024-11-18 02:00:33,395 - INFO - rmsd_all_structure_in_chain: 4.183864116668701
2024-11-18 02:00:33,396 - INFO - =======
2024-11-18 02:00:33,396 - INFO - 4ms0_A
2024-11-18 02:00:33,496 - INFO - holo_pocket_atom_count : 250
2024-11-18 02:00:33,512 - INFO - rmsd_pocket: 0.3754827678203583
2024-11-18 02:00:33,512 - INFO - rmsd_pocket_sub: 0.37583762407302856
2024-11-18 02:00:33,512 - INFO - rmsd_all_structure_in_chain: inf
2024-11-18 02:00:33,513 - INFO - =======
2024-11-18 02:00:33,513 - INFO - 4wn1_A
2024-11-18 02:00:33,732 - INFO - holo_pocket_atom_count : 550
2024-11-18 02:00:33,752 - INFO - rmsd_pocket: 0.7684962749481201
2024-11-18 02:00:33,752 - INFO - rmsd_pocket_sub: 0.7215455174446106
2024-11-18 02:00:33,752 - INFO - rmsd_all_structure_in_chain: 1.3739421367645264
2024-11-18 02:00:33,753 - INFO - =======
2024-11-18 02:00:33,753 - INFO - 6iji_B
2024-11-18 02:00:33,950 - INFO - holo_pocket_atom_count : 439
2024-11-18 02:00:33,969 - INFO - rmsd_pocket: 1.1725860834121704
2024-11-18 02:00:33,969 - INFO - rmsd_pocket_sub: 0.8111937046051025
2024-11-18 02:00:33,969 - INFO - rmsd_all_structure_in_chain: 6.068256378173828
2024-11-18 02:00:33,970 - INFO - =======
2024-11-18 02:00:33,970 - INFO - 3wi2_A
2024-11-18 02:00:34,186 - INFO - holo_pocket_atom_count : 482
2024-11-18 02:00:34,205 - INFO - rmsd_pocket: 0.7716400027275085
2024-11-18 02:00:34,205 - INFO - rmsd_pocket_sub: 0.7501717805862427
2024-11-18 02:00:34,205 - INFO - rmsd_all_structure_in_chain: 0.7716399431228638
2024-11-18 02:00:34,207 - INFO - =======
2024-11-18 02:00:34,207 - INFO - 5b4l_A
2024-11-18 02:00:34,428 - INFO - holo_pocket_atom_count : 556
2024-11-18 02:00:34,449 - INFO - rmsd_pocket: 0.7579936981201172
2024-11-18 02:00:34,449 - INFO - rmsd_pocket_sub: inf
2024-11-18 02:00:34,449 - INFO - rmsd_all_structure_in_chain: 7.73114538192749
2024-11-18 02:00:34,451 - INFO - =======
2024-11-18 02:00:34,451 - INFO - 5b4k_A
2024-11-18 02:00:34,665 - INFO - holo_pocket_atom_count : 439
2024-11-18 02:00:34,684 - INFO - rmsd_pocket: 0.7764347791671753
2024-11-18 02:00:34,684 - INFO - rmsd_pocket_sub: inf
2024-11-18 02:00:34,684 - INFO - rmsd_all_structure_in_chain: 1.6669392585754395
2024-11-18 02:00:34,686 - INFO - =======
2024-11-18 02:00:34,686 - INFO - 4p1r_A
2024-11-18 02:00:34,898 - INFO - holo_pocket_atom_count : 409
2024-11-18 02:00:34,917 - INFO - rmsd_pocket: 0.8418185114860535
2024-11-18 02:00:34,917 - INFO - rmsd_pocket_sub: inf
2024-11-18 02:00:34,917 - INFO - rmsd_all_structure_in_chain: 1.5988882780075073
2024-11-18 02:00:34,919 - INFO - =======
2024-11-18 02:00:34,919 - INFO - 6ijh_A
2024-11-18 02:00:35,125 - INFO - holo_pocket_atom_count : 418
2024-11-18 02:00:35,145 - INFO - rmsd_pocket: 1.5262104272842407
2024-11-18 02:00:35,145 - INFO - rmsd_pocket_sub: 0.6137802004814148
2024-11-18 02:00:35,145 - INFO - rmsd_all_structure_in_chain: 2.5975024700164795
2024-11-18 02:00:35,511 - INFO - --代表アポの重ね合わせ完了--
