2024-11-18 02:09:55,641 - INFO - 代表アポタンパク質 : 2OUV_A
2024-11-18 02:09:55,641 - INFO - 対応するホロタンパク質の数 : 69
2024-11-18 02:09:55,641 - INFO - =======
2024-11-18 02:09:55,641 - INFO - 5c28_A
2024-11-18 02:09:55,690 - INFO - holo_pocket_atom_count : 322
2024-11-18 02:09:55,694 - INFO - rmsd_pocket: 0.3390668034553528
2024-11-18 02:09:55,694 - INFO - rmsd_pocket_sub: inf
2024-11-18 02:09:55,694 - INFO - rmsd_all_structure_in_chain: 2.048247814178467
2024-11-18 02:09:55,695 - INFO - =======
2024-11-18 02:09:55,695 - INFO - 5c2h_B
2024-11-18 02:09:55,748 - INFO - holo_pocket_atom_count : 560
2024-11-18 02:09:55,757 - INFO - rmsd_pocket: 1.321926474571228
2024-11-18 02:09:55,757 - INFO - rmsd_pocket_sub: 7.879701614379883
2024-11-18 02:09:55,757 - INFO - rmsd_all_structure_in_chain: 2.606490135192871
2024-11-18 02:09:55,758 - INFO - =======
2024-11-18 02:09:55,758 - INFO - 5c2a_A
2024-11-18 02:09:55,808 - INFO - holo_pocket_atom_count : 445
2024-11-18 02:09:55,814 - INFO - rmsd_pocket: 1.4250519275665283
2024-11-18 02:09:55,814 - INFO - rmsd_pocket_sub: inf
2024-11-18 02:09:55,814 - INFO - rmsd_all_structure_in_chain: 5.04518985748291
2024-11-18 02:09:55,815 - INFO - =======
2024-11-18 02:09:55,815 - INFO - 5dh5_A
2024-11-18 02:09:55,873 - INFO - holo_pocket_atom_count : 512
2024-11-18 02:09:55,881 - INFO - rmsd_pocket: 1.5233712196350098
2024-11-18 02:09:55,881 - INFO - rmsd_pocket_sub: 7.562897682189941
2024-11-18 02:09:55,881 - INFO - rmsd_all_structure_in_chain: 2.5554347038269043
2024-11-18 02:09:55,882 - INFO - =======
2024-11-18 02:09:55,882 - INFO - 5dh4_A
2024-11-18 02:09:55,935 - INFO - holo_pocket_atom_count : 437
2024-11-18 02:09:55,941 - INFO - rmsd_pocket: 3.4452168941497803
2024-11-18 02:09:55,942 - INFO - rmsd_pocket_sub: inf
2024-11-18 02:09:55,942 - INFO - rmsd_all_structure_in_chain: 4.845139980316162
2024-11-18 02:09:55,942 - INFO - =======
2024-11-18 02:09:55,942 - INFO - 4lm4_A
2024-11-18 02:09:55,982 - INFO - holo_pocket_atom_count : 288
2024-11-18 02:09:55,987 - INFO - rmsd_pocket: 0.35309258103370667
2024-11-18 02:09:55,987 - INFO - rmsd_pocket_sub: 0.2333897054195404
2024-11-18 02:09:55,987 - INFO - rmsd_all_structure_in_chain: 3.5146570205688477
2024-11-18 02:09:55,988 - INFO - =======
2024-11-18 02:09:55,988 - INFO - 4lm3_A
2024-11-18 02:09:56,033 - INFO - holo_pocket_atom_count : 338
2024-11-18 02:09:56,038 - INFO - rmsd_pocket: 0.7472022771835327
2024-11-18 02:09:56,038 - INFO - rmsd_pocket_sub: 0.5211085081100464
2024-11-18 02:09:56,038 - INFO - rmsd_all_structure_in_chain: 0.7472022771835327
2024-11-18 02:09:56,039 - INFO - =======
2024-11-18 02:09:56,039 - INFO - 4mrz_A
2024-11-18 02:09:56,097 - INFO - holo_pocket_atom_count : 272
2024-11-18 02:09:56,111 - INFO - rmsd_pocket: inf
2024-11-18 02:09:56,111 - INFO - rmsd_pocket_sub: 0.2998357117176056
2024-11-18 02:09:56,111 - INFO - rmsd_all_structure_in_chain: inf
2024-11-18 02:09:56,112 - INFO - =======
2024-11-18 02:09:56,112 - INFO - 4lm2_A
2024-11-18 02:09:56,197 - INFO - holo_pocket_atom_count : 302
2024-11-18 02:09:56,203 - INFO - rmsd_pocket: 0.33220621943473816
2024-11-18 02:09:56,203 - INFO - rmsd_pocket_sub: 0.2296907901763916
2024-11-18 02:09:56,203 - INFO - rmsd_all_structure_in_chain: 7.262571811676025
2024-11-18 02:09:56,203 - INFO - =======
2024-11-18 02:09:56,203 - INFO - 4msc_A
2024-11-18 02:09:56,276 - INFO - holo_pocket_atom_count : 389
2024-11-18 02:09:56,282 - INFO - rmsd_pocket: 0.4583285450935364
2024-11-18 02:09:56,282 - INFO - rmsd_pocket_sub: 0.4215162992477417
2024-11-18 02:09:56,282 - INFO - rmsd_all_structure_in_chain: 4.42655611038208
2024-11-18 02:09:56,283 - INFO - =======
2024-11-18 02:09:56,283 - INFO - 3uuo_A
2024-11-18 02:09:56,343 - INFO - holo_pocket_atom_count : 387
2024-11-18 02:09:56,350 - INFO - rmsd_pocket: 1.5223675966262817
2024-11-18 02:09:56,350 - INFO - rmsd_pocket_sub: 0.569570004940033
2024-11-18 02:09:56,350 - INFO - rmsd_all_structure_in_chain: 2.520796537399292
2024-11-18 02:09:56,351 - INFO - =======
2024-11-18 02:09:56,351 - INFO - 5c1w_A
2024-11-18 02:09:56,414 - INFO - holo_pocket_atom_count : 322
2024-11-18 02:09:56,422 - INFO - rmsd_pocket: 0.34795811772346497
2024-11-18 02:09:56,422 - INFO - rmsd_pocket_sub: inf
2024-11-18 02:09:56,422 - INFO - rmsd_all_structure_in_chain: 2.056973695755005
2024-11-18 02:09:56,432 - INFO - =======
2024-11-18 02:09:56,432 - INFO - 4mrw_A
2024-11-18 02:09:56,491 - INFO - holo_pocket_atom_count : 307
2024-11-18 02:09:56,497 - INFO - rmsd_pocket: 0.3329845368862152
2024-11-18 02:09:56,497 - INFO - rmsd_pocket_sub: 0.3651942014694214
2024-11-18 02:09:56,497 - INFO - rmsd_all_structure_in_chain: 7.52691125869751
2024-11-18 02:09:56,498 - INFO - =======
2024-11-18 02:09:56,498 - INFO - 4lm0_A
2024-11-18 02:09:56,542 - INFO - holo_pocket_atom_count : 326
2024-11-18 02:09:56,548 - INFO - rmsd_pocket: inf
2024-11-18 02:09:56,548 - INFO - rmsd_pocket_sub: 0.22983814775943756
2024-11-18 02:09:56,548 - INFO - rmsd_all_structure_in_chain: inf
2024-11-18 02:09:56,549 - INFO - =======
2024-11-18 02:09:56,549 - INFO - 4lkq_A
2024-11-18 02:09:56,609 - INFO - holo_pocket_atom_count : 276
2024-11-18 02:09:56,615 - INFO - rmsd_pocket: 0.3669823408126831
2024-11-18 02:09:56,615 - INFO - rmsd_pocket_sub: 0.32965365052223206
2024-11-18 02:09:56,615 - INFO - rmsd_all_structure_in_chain: 3.0902280807495117
2024-11-18 02:09:56,616 - INFO - =======
2024-11-18 02:09:56,616 - INFO - 4lm1_A
2024-11-18 02:09:56,676 - INFO - holo_pocket_atom_count : 276
2024-11-18 02:09:56,682 - INFO - rmsd_pocket: 1.5412485599517822
2024-11-18 02:09:56,682 - INFO - rmsd_pocket_sub: 0.2660810947418213
2024-11-18 02:09:56,682 - INFO - rmsd_all_structure_in_chain: 3.3302056789398193
2024-11-18 02:09:56,683 - INFO - =======
2024-11-18 02:09:56,683 - INFO - 3ui7_A
2024-11-18 02:09:56,755 - INFO - holo_pocket_atom_count : 457
2024-11-18 02:09:56,764 - INFO - rmsd_pocket: 0.5747806429862976
2024-11-18 02:09:56,764 - INFO - rmsd_pocket_sub: 0.6968204975128174
2024-11-18 02:09:56,764 - INFO - rmsd_all_structure_in_chain: 2.960378885269165
2024-11-18 02:09:56,765 - INFO - =======
2024-11-18 02:09:56,765 - INFO - 4msn_A
2024-11-18 02:09:56,810 - INFO - holo_pocket_atom_count : 249
2024-11-18 02:09:56,816 - INFO - rmsd_pocket: inf
2024-11-18 02:09:56,816 - INFO - rmsd_pocket_sub: 0.3117096424102783
2024-11-18 02:09:56,816 - INFO - rmsd_all_structure_in_chain: 3.7963390350341797
2024-11-18 02:09:56,817 - INFO - =======
2024-11-18 02:09:56,817 - INFO - 4llp_A
2024-11-18 02:09:56,858 - INFO - holo_pocket_atom_count : 227
2024-11-18 02:09:56,864 - INFO - rmsd_pocket: inf
2024-11-18 02:09:56,864 - INFO - rmsd_pocket_sub: 0.26276063919067383
2024-11-18 02:09:56,864 - INFO - rmsd_all_structure_in_chain: inf
2024-11-18 02:09:56,865 - INFO - =======
2024-11-18 02:09:56,865 - INFO - 4hf4_A
2024-11-18 02:09:56,961 - INFO - holo_pocket_atom_count : 548
2024-11-18 02:09:56,971 - INFO - rmsd_pocket: 2.38790225982666
2024-11-18 02:09:56,971 - INFO - rmsd_pocket_sub: inf
2024-11-18 02:09:56,971 - INFO - rmsd_all_structure_in_chain: 2.232774019241333
2024-11-18 02:09:56,972 - INFO - =======
2024-11-18 02:09:56,972 - INFO - 4llk_A
2024-11-18 02:09:57,025 - INFO - holo_pocket_atom_count : 272
2024-11-18 02:09:57,031 - INFO - rmsd_pocket: inf
2024-11-18 02:09:57,031 - INFO - rmsd_pocket_sub: 0.2522892951965332
2024-11-18 02:09:57,031 - INFO - rmsd_all_structure_in_chain: 7.036189079284668
2024-11-18 02:09:57,032 - INFO - =======
2024-11-18 02:09:57,032 - INFO - 4llx_A
2024-11-18 02:09:57,077 - INFO - holo_pocket_atom_count : 232
2024-11-18 02:09:57,083 - INFO - rmsd_pocket: inf
2024-11-18 02:09:57,083 - INFO - rmsd_pocket_sub: 0.24914473295211792
2024-11-18 02:09:57,083 - INFO - rmsd_all_structure_in_chain: inf
2024-11-18 02:09:57,084 - INFO - =======
2024-11-18 02:09:57,084 - INFO - 4msa_A
2024-11-18 02:09:57,142 - INFO - holo_pocket_atom_count : 306
2024-11-18 02:09:57,150 - INFO - rmsd_pocket: 0.32314786314964294
2024-11-18 02:09:57,150 - INFO - rmsd_pocket_sub: 0.23405319452285767
2024-11-18 02:09:57,150 - INFO - rmsd_all_structure_in_chain: 7.498571395874023
2024-11-18 02:09:57,151 - INFO - =======
2024-11-18 02:09:57,151 - INFO - 4llj_A
2024-11-18 02:09:57,199 - INFO - holo_pocket_atom_count : 249
2024-11-18 02:09:57,206 - INFO - rmsd_pocket: inf
2024-11-18 02:09:57,206 - INFO - rmsd_pocket_sub: 0.3314475119113922
2024-11-18 02:09:57,206 - INFO - rmsd_all_structure_in_chain: 3.809865713119507
2024-11-18 02:09:57,207 - INFO - =======
2024-11-18 02:09:57,207 - INFO - 4zo5_B
2024-11-18 02:09:57,478 - INFO - holo_pocket_atom_count : 489
2024-11-18 02:09:57,488 - INFO - rmsd_pocket: 1.215947151184082
2024-11-18 02:09:57,488 - INFO - rmsd_pocket_sub: inf
2024-11-18 02:09:57,488 - INFO - rmsd_all_structure_in_chain: 3.347541570663452
2024-11-18 02:09:57,489 - INFO - =======
2024-11-18 02:09:57,489 - INFO - 3wyk_A
2024-11-18 02:09:57,578 - INFO - holo_pocket_atom_count : 419
2024-11-18 02:09:57,588 - INFO - rmsd_pocket: 0.4578632116317749
2024-11-18 02:09:57,588 - INFO - rmsd_pocket_sub: inf
2024-11-18 02:09:57,588 - INFO - rmsd_all_structure_in_chain: 4.054833889007568
2024-11-18 02:09:57,589 - INFO - =======
2024-11-18 02:09:57,589 - INFO - 3wyl_A
2024-11-18 02:09:57,682 - INFO - holo_pocket_atom_count : 465
2024-11-18 02:09:57,692 - INFO - rmsd_pocket: 1.5389372110366821
2024-11-18 02:09:57,692 - INFO - rmsd_pocket_sub: inf
2024-11-18 02:09:57,692 - INFO - rmsd_all_structure_in_chain: 9.630499839782715
2024-11-18 02:09:57,693 - INFO - =======
2024-11-18 02:09:57,693 - INFO - 6msa_A
2024-11-18 02:09:57,781 - INFO - holo_pocket_atom_count : 381
2024-11-18 02:09:57,790 - INFO - rmsd_pocket: 3.726905345916748
2024-11-18 02:09:57,790 - INFO - rmsd_pocket_sub: 0.42629125714302063
2024-11-18 02:09:57,790 - INFO - rmsd_all_structure_in_chain: 8.901305198669434
2024-11-18 02:09:57,792 - INFO - =======
2024-11-18 02:09:57,792 - INFO - 5axp_A
2024-11-18 02:09:57,907 - INFO - holo_pocket_atom_count : 482
2024-11-18 02:09:57,918 - INFO - rmsd_pocket: 7.971552848815918
2024-11-18 02:09:57,918 - INFO - rmsd_pocket_sub: inf
2024-11-18 02:09:57,918 - INFO - rmsd_all_structure_in_chain: 3.3201539516448975
2024-11-18 02:09:57,919 - INFO - =======
2024-11-18 02:09:57,919 - INFO - 5i2r_A
2024-11-18 02:09:58,014 - INFO - holo_pocket_atom_count : 432
2024-11-18 02:09:58,025 - INFO - rmsd_pocket: 0.6424039006233215
2024-11-18 02:09:58,025 - INFO - rmsd_pocket_sub: 0.718593180179596
2024-11-18 02:09:58,025 - INFO - rmsd_all_structure_in_chain: 3.1364598274230957
2024-11-18 02:09:58,026 - INFO - =======
2024-11-18 02:09:58,026 - INFO - 3wym_A
2024-11-18 02:09:58,152 - INFO - holo_pocket_atom_count : 508
2024-11-18 02:09:58,164 - INFO - rmsd_pocket: 7.950680732727051
2024-11-18 02:09:58,164 - INFO - rmsd_pocket_sub: inf
2024-11-18 02:09:58,164 - INFO - rmsd_all_structure_in_chain: 2.4890456199645996
2024-11-18 02:09:58,165 - INFO - =======
2024-11-18 02:09:58,165 - INFO - 5c29_A
2024-11-18 02:09:58,260 - INFO - holo_pocket_atom_count : 386
2024-11-18 02:09:58,270 - INFO - rmsd_pocket: 0.32054638862609863
2024-11-18 02:09:58,270 - INFO - rmsd_pocket_sub: inf
2024-11-18 02:09:58,270 - INFO - rmsd_all_structure_in_chain: 8.522723197937012
2024-11-18 02:09:58,272 - INFO - =======
2024-11-18 02:09:58,272 - INFO - 5axq_A
2024-11-18 02:09:58,377 - INFO - holo_pocket_atom_count : 503
2024-11-18 02:09:58,389 - INFO - rmsd_pocket: 0.6750733852386475
2024-11-18 02:09:58,389 - INFO - rmsd_pocket_sub: inf
2024-11-18 02:09:58,389 - INFO - rmsd_all_structure_in_chain: 2.1848204135894775
2024-11-18 02:09:58,390 - INFO - =======
2024-11-18 02:09:58,390 - INFO - 6kdz_A
2024-11-18 02:09:58,505 - INFO - holo_pocket_atom_count : 404
2024-11-18 02:09:58,515 - INFO - rmsd_pocket: 0.687811553478241
2024-11-18 02:09:58,515 - INFO - rmsd_pocket_sub: 0.6578880548477173
2024-11-18 02:09:58,515 - INFO - rmsd_all_structure_in_chain: 1.5996190309524536
2024-11-18 02:09:58,517 - INFO - =======
2024-11-18 02:09:58,517 - INFO - 4p0n_A
2024-11-18 02:09:58,639 - INFO - holo_pocket_atom_count : 424
2024-11-18 02:09:58,650 - INFO - rmsd_pocket: 0.7413390278816223
2024-11-18 02:09:58,650 - INFO - rmsd_pocket_sub: inf
2024-11-18 02:09:58,650 - INFO - rmsd_all_structure_in_chain: 1.5668854713439941
2024-11-18 02:09:58,651 - INFO - =======
2024-11-18 02:09:58,651 - INFO - 2y0j_A
2024-11-18 02:09:58,767 - INFO - holo_pocket_atom_count : 422
2024-11-18 02:09:58,778 - INFO - rmsd_pocket: 0.6528842449188232
2024-11-18 02:09:58,778 - INFO - rmsd_pocket_sub: inf
2024-11-18 02:09:58,778 - INFO - rmsd_all_structure_in_chain: 1.1483829021453857
2024-11-18 02:09:58,779 - INFO - =======
2024-11-18 02:09:58,779 - INFO - 5znl_A
2024-11-18 02:09:58,908 - INFO - holo_pocket_atom_count : 531
2024-11-18 02:09:58,921 - INFO - rmsd_pocket: 1.6115096807479858
2024-11-18 02:09:58,921 - INFO - rmsd_pocket_sub: 0.6378321647644043
2024-11-18 02:09:58,921 - INFO - rmsd_all_structure_in_chain: 1.6152499914169312
2024-11-18 02:09:58,922 - INFO - =======
2024-11-18 02:09:58,922 - INFO - 3sn7_A
2024-11-18 02:09:59,047 - INFO - holo_pocket_atom_count : 509
2024-11-18 02:09:59,060 - INFO - rmsd_pocket: 0.3555532395839691
2024-11-18 02:09:59,060 - INFO - rmsd_pocket_sub: inf
2024-11-18 02:09:59,060 - INFO - rmsd_all_structure_in_chain: 2.270481824874878
2024-11-18 02:09:59,061 - INFO - =======
2024-11-18 02:09:59,061 - INFO - 3sni_A
2024-11-18 02:09:59,185 - INFO - holo_pocket_atom_count : 514
2024-11-18 02:09:59,199 - INFO - rmsd_pocket: 0.4049169719219208
2024-11-18 02:09:59,199 - INFO - rmsd_pocket_sub: inf
2024-11-18 02:09:59,199 - INFO - rmsd_all_structure_in_chain: 3.571303606033325
2024-11-18 02:09:59,200 - INFO - =======
2024-11-18 02:09:59,200 - INFO - 4fcb_A
2024-11-18 02:09:59,353 - INFO - holo_pocket_atom_count : 575
2024-11-18 02:09:59,368 - INFO - rmsd_pocket: 0.4111487865447998
2024-11-18 02:09:59,368 - INFO - rmsd_pocket_sub: inf
2024-11-18 02:09:59,368 - INFO - rmsd_all_structure_in_chain: 2.700688600540161
2024-11-18 02:09:59,369 - INFO - =======
2024-11-18 02:09:59,369 - INFO - 4fcd_A
2024-11-18 02:09:59,496 - INFO - holo_pocket_atom_count : 502
2024-11-18 02:09:59,510 - INFO - rmsd_pocket: 0.39775124192237854
2024-11-18 02:09:59,510 - INFO - rmsd_pocket_sub: inf
2024-11-18 02:09:59,510 - INFO - rmsd_all_structure_in_chain: 2.378002166748047
2024-11-18 02:09:59,511 - INFO - =======
2024-11-18 02:09:59,511 - INFO - 4mvh_A
2024-11-18 02:09:59,657 - INFO - holo_pocket_atom_count : 486
2024-11-18 02:09:59,671 - INFO - rmsd_pocket: 0.8143497109413147
2024-11-18 02:09:59,671 - INFO - rmsd_pocket_sub: inf
2024-11-18 02:09:59,671 - INFO - rmsd_all_structure_in_chain: 1.142854928970337
2024-11-18 02:09:59,673 - INFO - =======
2024-11-18 02:09:59,673 - INFO - 4heu_A
2024-11-18 02:09:59,843 - INFO - holo_pocket_atom_count : 528
2024-11-18 02:09:59,858 - INFO - rmsd_pocket: 0.7716211676597595
2024-11-18 02:09:59,858 - INFO - rmsd_pocket_sub: 10.970948219299316
2024-11-18 02:09:59,858 - INFO - rmsd_all_structure_in_chain: 1.8602036237716675
2024-11-18 02:09:59,860 - INFO - =======
2024-11-18 02:09:59,860 - INFO - 4mse_A
2024-11-18 02:09:59,999 - INFO - holo_pocket_atom_count : 368
2024-11-18 02:10:00,011 - INFO - rmsd_pocket: 1.0325905084609985
2024-11-18 02:10:00,011 - INFO - rmsd_pocket_sub: 0.47588208317756653
2024-11-18 02:10:00,011 - INFO - rmsd_all_structure_in_chain: 1.271324872970581
2024-11-18 02:10:00,013 - INFO - =======
2024-11-18 02:10:00,013 - INFO - 4ys7_A
2024-11-18 02:10:00,162 - INFO - holo_pocket_atom_count : 427
2024-11-18 02:10:00,176 - INFO - rmsd_pocket: 0.5712940692901611
2024-11-18 02:10:00,176 - INFO - rmsd_pocket_sub: 0.5740060210227966
2024-11-18 02:10:00,176 - INFO - rmsd_all_structure_in_chain: 1.011898398399353
2024-11-18 02:10:00,177 - INFO - =======
2024-11-18 02:10:00,177 - INFO - 2wey_A
2024-11-18 02:10:00,324 - INFO - holo_pocket_atom_count : 527
2024-11-18 02:10:00,340 - INFO - rmsd_pocket: 1.3197259902954102
2024-11-18 02:10:00,340 - INFO - rmsd_pocket_sub: 0.40736061334609985
2024-11-18 02:10:00,340 - INFO - rmsd_all_structure_in_chain: 2.170152187347412
2024-11-18 02:10:00,341 - INFO - =======
2024-11-18 02:10:00,341 - INFO - 4phw_A
2024-11-18 02:10:00,520 - INFO - holo_pocket_atom_count : 474
2024-11-18 02:10:00,535 - INFO - rmsd_pocket: 0.7851300835609436
2024-11-18 02:10:00,535 - INFO - rmsd_pocket_sub: inf
2024-11-18 02:10:00,535 - INFO - rmsd_all_structure_in_chain: 7.064840316772461
2024-11-18 02:10:00,537 - INFO - =======
2024-11-18 02:10:00,537 - INFO - 4ael_A
2024-11-18 02:10:00,723 - INFO - holo_pocket_atom_count : 430
2024-11-18 02:10:00,738 - INFO - rmsd_pocket: 0.7083308696746826
2024-11-18 02:10:00,738 - INFO - rmsd_pocket_sub: 0.7415388822555542
2024-11-18 02:10:00,738 - INFO - rmsd_all_structure_in_chain: 1.108557939529419
2024-11-18 02:10:00,739 - INFO - =======
2024-11-18 02:10:00,739 - INFO - 5c2e_B
2024-11-18 02:10:00,893 - INFO - holo_pocket_atom_count : 495
2024-11-18 02:10:00,909 - INFO - rmsd_pocket: 1.4697877168655396
2024-11-18 02:10:00,909 - INFO - rmsd_pocket_sub: inf
2024-11-18 02:10:00,909 - INFO - rmsd_all_structure_in_chain: 2.4484636783599854
2024-11-18 02:10:00,910 - INFO - =======
2024-11-18 02:10:00,911 - INFO - 4yqh_A
2024-11-18 02:10:01,109 - INFO - holo_pocket_atom_count : 428
2024-11-18 02:10:01,124 - INFO - rmsd_pocket: 0.4876547157764435
2024-11-18 02:10:01,124 - INFO - rmsd_pocket_sub: 0.500983715057373
2024-11-18 02:10:01,124 - INFO - rmsd_all_structure_in_chain: 1.568971037864685
2024-11-18 02:10:01,126 - INFO - =======
2024-11-18 02:10:01,126 - INFO - 3ws8_A
2024-11-18 02:10:01,290 - INFO - holo_pocket_atom_count : 401
2024-11-18 02:10:01,305 - INFO - rmsd_pocket: 1.2962912321090698
2024-11-18 02:10:01,305 - INFO - rmsd_pocket_sub: 0.8292275667190552
2024-11-18 02:10:01,305 - INFO - rmsd_all_structure_in_chain: 1.2341842651367188
2024-11-18 02:10:01,307 - INFO - =======
2024-11-18 02:10:01,307 - INFO - 6msc_A
2024-11-18 02:10:01,452 - INFO - holo_pocket_atom_count : 440
2024-11-18 02:10:01,467 - INFO - rmsd_pocket: 0.6080641150474548
2024-11-18 02:10:01,467 - INFO - rmsd_pocket_sub: 0.6536128520965576
2024-11-18 02:10:01,467 - INFO - rmsd_all_structure_in_chain: 9.470873832702637
2024-11-18 02:10:01,469 - INFO - =======
2024-11-18 02:10:01,469 - INFO - 3ws9_A
2024-11-18 02:10:01,661 - INFO - holo_pocket_atom_count : 412
2024-11-18 02:10:01,679 - INFO - rmsd_pocket: 1.246740460395813
2024-11-18 02:10:01,679 - INFO - rmsd_pocket_sub: 0.8216437101364136
2024-11-18 02:10:01,679 - INFO - rmsd_all_structure_in_chain: 1.211445689201355
2024-11-18 02:10:01,681 - INFO - =======
2024-11-18 02:10:01,681 - INFO - 4ddl_A
2024-11-18 02:10:01,850 - INFO - holo_pocket_atom_count : 479
2024-11-18 02:10:01,867 - INFO - rmsd_pocket: 1.5298736095428467
2024-11-18 02:10:01,867 - INFO - rmsd_pocket_sub: inf
2024-11-18 02:10:01,867 - INFO - rmsd_all_structure_in_chain: 2.315014123916626
2024-11-18 02:10:01,869 - INFO - =======
2024-11-18 02:10:01,869 - INFO - 4tpp_A
2024-11-18 02:10:02,048 - INFO - holo_pocket_atom_count : 504
2024-11-18 02:10:02,065 - INFO - rmsd_pocket: 1.5124207735061646
2024-11-18 02:10:02,065 - INFO - rmsd_pocket_sub: inf
2024-11-18 02:10:02,065 - INFO - rmsd_all_structure_in_chain: 1.5702691078186035
2024-11-18 02:10:02,067 - INFO - =======
2024-11-18 02:10:02,067 - INFO - 4tpm_A
2024-11-18 02:10:02,262 - INFO - holo_pocket_atom_count : 480
2024-11-18 02:10:02,279 - INFO - rmsd_pocket: 1.133641242980957
2024-11-18 02:10:02,279 - INFO - rmsd_pocket_sub: 8.372411727905273
2024-11-18 02:10:02,280 - INFO - rmsd_all_structure_in_chain: 2.1897177696228027
2024-11-18 02:10:02,281 - INFO - =======
2024-11-18 02:10:02,281 - INFO - 6kdx_A
2024-11-18 02:10:02,458 - INFO - holo_pocket_atom_count : 390
2024-11-18 02:10:02,474 - INFO - rmsd_pocket: 1.0831671953201294
2024-11-18 02:10:02,474 - INFO - rmsd_pocket_sub: 0.6290412545204163
2024-11-18 02:10:02,474 - INFO - rmsd_all_structure_in_chain: 1.76505446434021
2024-11-18 02:10:02,476 - INFO - =======
2024-11-18 02:10:02,476 - INFO - 5uwf_C
2024-11-18 02:10:02,670 - INFO - holo_pocket_atom_count : 522
2024-11-18 02:10:02,689 - INFO - rmsd_pocket: 1.8124167919158936
2024-11-18 02:10:02,689 - INFO - rmsd_pocket_sub: 0.7621959447860718
2024-11-18 02:10:02,689 - INFO - rmsd_all_structure_in_chain: 3.0786802768707275
2024-11-18 02:10:02,691 - INFO - =======
2024-11-18 02:10:02,691 - INFO - 5edi_A
2024-11-18 02:10:02,891 - INFO - holo_pocket_atom_count : 449
2024-11-18 02:10:02,908 - INFO - rmsd_pocket: 0.7751620411872864
2024-11-18 02:10:02,908 - INFO - rmsd_pocket_sub: 0.7911713123321533
2024-11-18 02:10:02,908 - INFO - rmsd_all_structure_in_chain: 1.8347378969192505
2024-11-18 02:10:02,910 - INFO - =======
2024-11-18 02:10:02,910 - INFO - 4muw_A
2024-11-18 02:10:03,110 - INFO - holo_pocket_atom_count : 501
2024-11-18 02:10:03,129 - INFO - rmsd_pocket: 0.8144118189811707
2024-11-18 02:10:03,129 - INFO - rmsd_pocket_sub: inf
2024-11-18 02:10:03,129 - INFO - rmsd_all_structure_in_chain: 7.524484157562256
2024-11-18 02:10:03,130 - INFO - =======
2024-11-18 02:10:03,130 - INFO - 6ke0_A
2024-11-18 02:10:03,325 - INFO - holo_pocket_atom_count : 406
2024-11-18 02:10:03,342 - INFO - rmsd_pocket: 0.6371868252754211
2024-11-18 02:10:03,342 - INFO - rmsd_pocket_sub: 0.6302850842475891
2024-11-18 02:10:03,342 - INFO - rmsd_all_structure_in_chain: 4.183864116668701
2024-11-18 02:10:03,344 - INFO - =======
2024-11-18 02:10:03,344 - INFO - 4ms0_A
2024-11-18 02:10:03,444 - INFO - holo_pocket_atom_count : 250
2024-11-18 02:10:03,459 - INFO - rmsd_pocket: 0.3754827678203583
2024-11-18 02:10:03,459 - INFO - rmsd_pocket_sub: 0.37583762407302856
2024-11-18 02:10:03,459 - INFO - rmsd_all_structure_in_chain: inf
2024-11-18 02:10:03,461 - INFO - =======
2024-11-18 02:10:03,461 - INFO - 4wn1_A
2024-11-18 02:10:03,682 - INFO - holo_pocket_atom_count : 550
2024-11-18 02:10:03,702 - INFO - rmsd_pocket: 0.7684962749481201
2024-11-18 02:10:03,702 - INFO - rmsd_pocket_sub: 0.7215455174446106
2024-11-18 02:10:03,702 - INFO - rmsd_all_structure_in_chain: 1.3739421367645264
2024-11-18 02:10:03,704 - INFO - =======
2024-11-18 02:10:03,704 - INFO - 6iji_B
2024-11-18 02:10:03,905 - INFO - holo_pocket_atom_count : 439
2024-11-18 02:10:03,924 - INFO - rmsd_pocket: 1.1725860834121704
2024-11-18 02:10:03,924 - INFO - rmsd_pocket_sub: 0.8111937046051025
2024-11-18 02:10:03,924 - INFO - rmsd_all_structure_in_chain: 6.068256378173828
2024-11-18 02:10:03,925 - INFO - =======
2024-11-18 02:10:03,925 - INFO - 3wi2_A
2024-11-18 02:10:04,148 - INFO - holo_pocket_atom_count : 482
2024-11-18 02:10:04,168 - INFO - rmsd_pocket: 0.7716400027275085
2024-11-18 02:10:04,168 - INFO - rmsd_pocket_sub: 0.7501717805862427
2024-11-18 02:10:04,168 - INFO - rmsd_all_structure_in_chain: 0.7716399431228638
2024-11-18 02:10:04,170 - INFO - =======
2024-11-18 02:10:04,170 - INFO - 5b4l_A
2024-11-18 02:10:04,400 - INFO - holo_pocket_atom_count : 556
2024-11-18 02:10:04,421 - INFO - rmsd_pocket: 0.7579936981201172
2024-11-18 02:10:04,421 - INFO - rmsd_pocket_sub: inf
2024-11-18 02:10:04,421 - INFO - rmsd_all_structure_in_chain: 7.73114538192749
2024-11-18 02:10:04,423 - INFO - =======
2024-11-18 02:10:04,423 - INFO - 5b4k_A
2024-11-18 02:10:04,643 - INFO - holo_pocket_atom_count : 439
2024-11-18 02:10:04,662 - INFO - rmsd_pocket: 0.7764347791671753
2024-11-18 02:10:04,662 - INFO - rmsd_pocket_sub: inf
2024-11-18 02:10:04,662 - INFO - rmsd_all_structure_in_chain: 1.6669392585754395
2024-11-18 02:10:04,664 - INFO - =======
2024-11-18 02:10:04,664 - INFO - 4p1r_A
2024-11-18 02:10:04,879 - INFO - holo_pocket_atom_count : 409
2024-11-18 02:10:04,898 - INFO - rmsd_pocket: 0.8418185114860535
2024-11-18 02:10:04,898 - INFO - rmsd_pocket_sub: inf
2024-11-18 02:10:04,898 - INFO - rmsd_all_structure_in_chain: 1.5988882780075073
2024-11-18 02:10:04,900 - INFO - =======
2024-11-18 02:10:04,900 - INFO - 6ijh_A
2024-11-18 02:10:05,111 - INFO - holo_pocket_atom_count : 418
2024-11-18 02:10:05,131 - INFO - rmsd_pocket: 1.5262104272842407
2024-11-18 02:10:05,131 - INFO - rmsd_pocket_sub: 0.6137802004814148
2024-11-18 02:10:05,131 - INFO - rmsd_all_structure_in_chain: 2.5975024700164795
2024-11-18 02:10:05,530 - INFO - --------------------代表アポの重ね合わせ完了--------------------
